The C compiler identification could not be found in "/mnt/d/labs_prog_cpp/lab1/cmake-build-debug-coverage/CMakeFiles/3.16.3/CompilerIdC/CMakeCCompilerId.gcno"

The CXX compiler identification could not be found in "/mnt/d/labs_prog_cpp/lab1/cmake-build-debug-coverage/CMakeFiles/3.16.3/CompilerIdCXX/CMakeCXXCompilerId.gcno"

Performing C SOURCE FILE Test CMAKE_HAVE_LIBC_PTHREAD failed with the following output:
Change Dir: /mnt/d/labs_prog_cpp/lab1/cmake-build-debug-coverage/CMakeFiles/CMakeTmp

Run Build Command(s):/usr/bin/make cmTC_31f32/fast && /usr/bin/make -f CMakeFiles/cmTC_31f32.dir/build.make CMakeFiles/cmTC_31f32.dir/build
make[1]: Entering directory '/mnt/d/labs_prog_cpp/lab1/cmake-build-debug-coverage/CMakeFiles/CMakeTmp'
Building C object CMakeFiles/cmTC_31f32.dir/src.c.o
/usr/bin/cc   --coverage -DCMAKE_HAVE_LIBC_PTHREAD   -o CMakeFiles/cmTC_31f32.dir/src.c.o   -c /mnt/d/labs_prog_cpp/lab1/cmake-build-debug-coverage/CMakeFiles/CMakeTmp/src.c
Linking C executable cmTC_31f32
/usr/bin/cmake -E cmake_link_script CMakeFiles/cmTC_31f32.dir/link.txt --verbose=1
/usr/bin/cc --coverage -DCMAKE_HAVE_LIBC_PTHREAD    -rdynamic CMakeFiles/cmTC_31f32.dir/src.c.o  -o cmTC_31f32 
/usr/bin/ld: CMakeFiles/cmTC_31f32.dir/src.c.o: in function `main':
src.c:(.text+0x6a): undefined reference to `pthread_create'
/usr/bin/ld: src.c:(.text+0x88): undefined reference to `pthread_detach'
/usr/bin/ld: src.c:(.text+0xab): undefined reference to `pthread_join'
collect2: error: ld returned 1 exit status
make[1]: *** [CMakeFiles/cmTC_31f32.dir/build.make:87: cmTC_31f32] Error 1
make[1]: Leaving directory '/mnt/d/labs_prog_cpp/lab1/cmake-build-debug-coverage/CMakeFiles/CMakeTmp'
make: *** [Makefile:121: cmTC_31f32/fast] Error 2


Source file was:
#include <pthread.h>

void* test_func(void* data)
{
  return data;
}

int main(void)
{
  pthread_t thread;
  pthread_create(&thread, NULL, test_func, NULL);
  pthread_detach(thread);
  pthread_join(thread, NULL);
  pthread_atfork(NULL, NULL, NULL);
  pthread_exit(NULL);

  return 0;
}

Determining if the function pthread_create exists in the pthreads failed with the following output:
Change Dir: /mnt/d/labs_prog_cpp/lab1/cmake-build-debug-coverage/CMakeFiles/CMakeTmp

Run Build Command(s):/usr/bin/make cmTC_d07a3/fast && /usr/bin/make -f CMakeFiles/cmTC_d07a3.dir/build.make CMakeFiles/cmTC_d07a3.dir/build
make[1]: Entering directory '/mnt/d/labs_prog_cpp/lab1/cmake-build-debug-coverage/CMakeFiles/CMakeTmp'
Building C object CMakeFiles/cmTC_d07a3.dir/CheckFunctionExists.c.o
/usr/bin/cc   --coverage -DCHECK_FUNCTION_EXISTS=pthread_create   -o CMakeFiles/cmTC_d07a3.dir/CheckFunctionExists.c.o   -c /usr/share/cmake-3.16/Modules/CheckFunctionExists.c
Linking C executable cmTC_d07a3
/usr/bin/cmake -E cmake_link_script CMakeFiles/cmTC_d07a3.dir/link.txt --verbose=1
/usr/bin/cc --coverage -DCHECK_FUNCTION_EXISTS=pthread_create    -rdynamic CMakeFiles/cmTC_d07a3.dir/CheckFunctionExists.c.o  -o cmTC_d07a3  -lpthreads 
/usr/bin/ld: cannot find -lpthreads
collect2: error: ld returned 1 exit status
make[1]: *** [CMakeFiles/cmTC_d07a3.dir/build.make:87: cmTC_d07a3] Error 1
make[1]: Leaving directory '/mnt/d/labs_prog_cpp/lab1/cmake-build-debug-coverage/CMakeFiles/CMakeTmp'
make: *** [Makefile:121: cmTC_d07a3/fast] Error 2



